Connected to dbi:SQLite:dbname=../../db/data/kb_1.db: at Wed Jul 18 00:30:02 2012
Disconnected to dbi:SQLite:dbname=../../db/data/kb_1.db: at Wed Jul 18 00:30:02 2012
Connected to dbi:SQLite:dbname=../../db/data/kb_1.db: at Wed Jul 18 00:30:28 2012

		SELECT entry.id, entry.name, user.name, entry.createdate, entry.lastdate 
		FROM table_entry entry, table_user user, table_entry_tag entry_tag, table_tag tag 
		WHERE 
		entry.user_id = user.id 
		AND
		entry.id = entry_tag.entry_id
		AND
		entry_tag.tag_id = tag.id
		AND
		tag.id = 1
	
Disconnected to dbi:SQLite:dbname=../../db/data/kb_1.db: at Wed Jul 18 00:30:28 2012
Connected to dbi:SQLite:dbname=../../db/data/kb_1.db: at Thu Jul 19 00:22:25 2012

		SELECT 
		entry.id,
		entry.name, 
		content.content_blob,
		user.name,
		entry.createdate,
		entry.lastdate,
		section.name,
		entry.active	
		FROM 
		table_entry entry,
		table_content content,
		table_section section,
		table_user user
		WHERE
		entry.content_id = content.id and
		entry.user_id = user.id and
		entry.section_id = section.id and
		entry.id = 1
	
Disconnected to dbi:SQLite:dbname=../../db/data/kb_1.db: at Thu Jul 19 00:22:25 2012
Connected to dbi:SQLite:dbname=../../db/data/kb_1.db: at Thu Jul 19 00:37:38 2012

	SELECT id, name, parent_id, active  FROM table_section WHERE parent_id IS NULL AND active=1;


		SELECT id, name, parent_id, active  FROM table_section WHERE parent_id is NULL AND active=1;
	

		SELECT id, name, parent_id, active  FROM table_section WHERE parent_id=1 AND active=1;
	

		SELECT id, name, parent_id, active  FROM table_section WHERE parent_id=2 AND active=1;
	

		SELECT id, name, parent_id, active  FROM table_section WHERE parent_id=3 AND active=1;
	
Disconnected to dbi:SQLite:dbname=../../db/data/kb_1.db: at Thu Jul 19 00:37:38 2012
Connected to dbi:SQLite:dbname=../../../../kb/db/data/kb_1.db: at Fri Jul 20 17:04:04 2012

	INSERT INTO table_section (name, parent_id, active) VALUES ('SectionName', NULL, 1);

Returned id: 5
Disconnected to dbi:SQLite:dbname=../../../../kb/db/data/kb_1.db: at Fri Jul 20 17:04:04 2012
Connected to dbi:SQLite:dbname=../../../../kb/db/data/kb_1.db: at Fri Jul 20 17:04:47 2012

	INSERT INTO table_section (name, parent_id, active) VALUES ('SectionName', NULL, 1);

Returned id: 6
Disconnected to dbi:SQLite:dbname=../../../../kb/db/data/kb_1.db: at Fri Jul 20 17:04:47 2012
Connected to dbi:SQLite:dbname=../../../../kb/db/data/kb_1.db: at Fri Jul 20 17:05:00 2012

	INSERT INTO table_section (name, parent_id, active) VALUES ('SectionName', NULL, 1);

Returned id: 7
Disconnected to dbi:SQLite:dbname=../../../../kb/db/data/kb_1.db: at Fri Jul 20 17:05:00 2012
Connected to dbi:SQLite:dbname=../../../../kb/db/data/kb_1.db: at Mon Jul 23 16:32:09 2012

	INSERT INTO table_section (name, parent_id, active) VALUES ('SectionName', NULL, 1);

Returned id: 8
Disconnected to dbi:SQLite:dbname=../../../../kb/db/data/kb_1.db: at Mon Jul 23 16:32:09 2012
