Connected to dbi:SQLite:dbname=../../db/data/kb_1.db: at Thu Jul 26 16:51:42 2012

		SELECT id FROM table_tag WHERE upper(name)='TEST1' AND active=1 
	

		INSERT INTO table_tag (name, active) VALUES ('Test1', 1)
	
Returned id: 3

		SELECT id FROM table_tag WHERE upper(name)='TEST3' AND active=1 
	

		INSERT INTO table_tag (name, active) VALUES ('Test3', 1)
	
Returned id: 4

		SELECT id FROM table_tag WHERE upper(name)='TEST4' AND active=1 
	

		INSERT INTO table_tag (name, active) VALUES ('Test4', 1)
	
Returned id: 5

		SELECT entry_id, tag_id FROM table_entry_tag where entry_id = 1
	

				INSERT INTO table_entry_tag (entry_id, tag_id, active) VALUES (1, 3, 1);
			
Returned id: 3

				INSERT INTO table_entry_tag (entry_id, tag_id, active) VALUES (1, 4, 1);
			
Returned id: 4

				INSERT INTO table_entry_tag (entry_id, tag_id, active) VALUES (1, 5, 1);
			
Returned id: 5

				UPDATE table_entry_tag SET active=0 where tag_id=1 AND entry_id=1;
			

				UPDATE table_entry_tag SET active=0 where tag_id=2 AND entry_id=1;
			
Disconnected to dbi:SQLite:dbname=../../db/data/kb_1.db: at Thu Jul 26 16:51:43 2012
Connected to dbi:SQLite:dbname=../../db/data/kb_1.db: at Thu Jul 26 16:52:49 2012

		SELECT id FROM table_tag WHERE upper(name)='DATABASE' AND active=1 
	

		SELECT id FROM table_tag WHERE upper(name)='TEST3' AND active=1 
	

		SELECT id FROM table_tag WHERE upper(name)='TEST4' AND active=1 
	

		SELECT entry_id, tag_id FROM table_entry_tag where entry_id = 1
	

				UPDATE table_entry_tag SET active=0 where tag_id=2 AND entry_id=1;
			

				UPDATE table_entry_tag SET active=0 where tag_id=3 AND entry_id=1;
			
Disconnected to dbi:SQLite:dbname=../../db/data/kb_1.db: at Thu Jul 26 16:52:49 2012
Connected to dbi:SQLite:dbname=../../db/data/kb_1.db: at Thu Jul 26 16:53:59 2012

		SELECT id FROM table_tag WHERE upper(name)='DATABASE' AND active=1 
	

		SELECT id FROM table_tag WHERE upper(name)='TEST3' AND active=1 
	

		SELECT id FROM table_tag WHERE upper(name)='TEST4' AND active=1 
	

		SELECT entry_id, tag_id FROM table_entry_tag WHERE entry_id = 1 AND active=1
	

				INSERT INTO table_entry_tag (entry_id, tag_id, active) VALUES (1, 1, 1);
			
Returned id: 6
Disconnected to dbi:SQLite:dbname=../../db/data/kb_1.db: at Thu Jul 26 16:53:59 2012
