Connected to dbi:SQLite:dbname=../../../../kb/db/data/kb_1.db: at Fri Jul 20 15:14:01 2012

		SELECT id, name, parent_id, active  FROM table_section WHERE parent_id is NULL AND active=1
	

		SELECT id, name, parent_id, active  FROM table_section WHERE parent_id=1 AND active=1
	

		SELECT id, name, parent_id, active  FROM table_section WHERE parent_id=2 AND active=1
	

		SELECT id, name, parent_id, active  FROM table_section WHERE parent_id=3 AND active=1
	
Disconnected to dbi:SQLite:dbname=../../../../kb/db/data/kb_1.db: at Fri Jul 20 15:14:01 2012
Connected to dbi:SQLite:dbname=../../../../kb/db/data/kb_1.db: at Fri Jul 20 15:14:26 2012

		SELECT id, name, parent_id, active  FROM table_section WHERE parent_id is NULL AND active=1
	

		SELECT id, name, parent_id, active  FROM table_section WHERE parent_id=1 AND active=1
	

		SELECT id, name, parent_id, active  FROM table_section WHERE parent_id=2 AND active=1
	

		SELECT id, name, parent_id, active  FROM table_section WHERE parent_id=3 AND active=1
	
Disconnected to dbi:SQLite:dbname=../../../../kb/db/data/kb_1.db: at Fri Jul 20 15:14:26 2012
Connected to dbi:SQLite:dbname=../../../../kb/db/data/kb_1.db: at Fri Jul 20 15:19:11 2012

		SELECT id, name, parent_id, active  FROM table_section WHERE parent_id is NULL AND active=1
	

		SELECT id, name, parent_id, active  FROM table_section WHERE parent_id=1 AND active=1
	

		SELECT id, name, parent_id, active  FROM table_section WHERE parent_id=2 AND active=1
	

		SELECT id, name, parent_id, active  FROM table_section WHERE parent_id=3 AND active=1
	
Disconnected to dbi:SQLite:dbname=../../../../kb/db/data/kb_1.db: at Fri Jul 20 15:19:12 2012
Connected to dbi:SQLite:dbname=../../../../kb/db/data/kb_1.db: at Fri Jul 20 15:19:48 2012

		SELECT id, name, parent_id, active  FROM table_section WHERE parent_id is NULL AND active=1
	

		SELECT id, name, parent_id, active  FROM table_section WHERE parent_id=1 AND active=1
	

		SELECT id, name, parent_id, active  FROM table_section WHERE parent_id=2 AND active=1
	

		SELECT id, name, parent_id, active  FROM table_section WHERE parent_id=3 AND active=1
	
Disconnected to dbi:SQLite:dbname=../../../../kb/db/data/kb_1.db: at Fri Jul 20 15:19:48 2012
Connected to dbi:SQLite:dbname=../../../../kb/db/data/kb_1.db: at Fri Jul 20 15:20:50 2012

		SELECT id, name, parent_id, active  FROM table_section WHERE parent_id is NULL AND active=1
	

		SELECT id, name, parent_id, active  FROM table_section WHERE parent_id=1 AND active=1
	

		SELECT id, name, parent_id, active  FROM table_section WHERE parent_id=2 AND active=1
	

		SELECT id, name, parent_id, active  FROM table_section WHERE parent_id=3 AND active=1
	
Disconnected to dbi:SQLite:dbname=../../../../kb/db/data/kb_1.db: at Fri Jul 20 15:20:50 2012
Connected to dbi:SQLite:dbname=../../../../kb/db/data/kb_1.db: at Fri Jul 20 15:22:59 2012

		SELECT id, name, parent_id, active  FROM table_section WHERE parent_id is NULL AND active=1
	

		SELECT id, name, parent_id, active  FROM table_section WHERE parent_id=1 AND active=1
	

		SELECT id, name, parent_id, active  FROM table_section WHERE parent_id=2 AND active=1
	

		SELECT id, name, parent_id, active  FROM table_section WHERE parent_id=3 AND active=1
	
Disconnected to dbi:SQLite:dbname=../../../../kb/db/data/kb_1.db: at Fri Jul 20 15:22:59 2012
Connected to dbi:SQLite:dbname=../../../../kb/db/data/kb_1.db: at Fri Jul 20 15:29:04 2012

		SELECT id, name, parent_id, active  FROM table_section WHERE parent_id is NULL AND active=1
	

		SELECT id, name, parent_id, active  FROM table_section WHERE parent_id=1 AND active=1
	

		SELECT id, name, parent_id, active  FROM table_section WHERE parent_id=2 AND active=1
	

		SELECT id, name, parent_id, active  FROM table_section WHERE parent_id=3 AND active=1
	
Disconnected to dbi:SQLite:dbname=../../../../kb/db/data/kb_1.db: at Fri Jul 20 15:29:04 2012
Connected to dbi:SQLite:dbname=../../../../kb/db/data/kb_1.db: at Fri Jul 20 15:43:31 2012

		SELECT id, name, parent_id, active  FROM table_section WHERE parent_id is NULL AND active=1
	

		SELECT id, name, parent_id, active  FROM table_section WHERE parent_id=1 AND active=1
	

		SELECT id, name, parent_id, active  FROM table_section WHERE parent_id=2 AND active=1
	

		SELECT id, name, parent_id, active  FROM table_section WHERE parent_id=3 AND active=1
	
Disconnected to dbi:SQLite:dbname=../../../../kb/db/data/kb_1.db: at Fri Jul 20 15:43:31 2012
Connected to dbi:SQLite:dbname=../../../../kb/db/data/kb_1.db: at Fri Jul 20 16:13:25 2012

		SELECT id, name, parent_id, active  FROM table_section WHERE parent_id is NULL AND active=1
	

		SELECT id, name, parent_id, active  FROM table_section WHERE parent_id=1 AND active=1
	

		SELECT id, name, parent_id, active  FROM table_section WHERE parent_id=2 AND active=1
	

		SELECT id, name, parent_id, active  FROM table_section WHERE parent_id=3 AND active=1
	
Disconnected to dbi:SQLite:dbname=../../../../kb/db/data/kb_1.db: at Fri Jul 20 16:13:25 2012
Connected to dbi:SQLite:dbname=../../../../kb/db/data/kb_1.db: at Fri Jul 20 16:13:39 2012

		SELECT id, name, parent_id, active  FROM table_section WHERE parent_id is NULL AND active=1
	

		SELECT id, name, parent_id, active  FROM table_section WHERE parent_id=1 AND active=1
	

		SELECT id, name, parent_id, active  FROM table_section WHERE parent_id=2 AND active=1
	

		SELECT id, name, parent_id, active  FROM table_section WHERE parent_id=3 AND active=1
	
Disconnected to dbi:SQLite:dbname=../../../../kb/db/data/kb_1.db: at Fri Jul 20 16:13:39 2012
Connected to dbi:SQLite:dbname=../../../../kb/db/data/kb_1.db: at Fri Jul 20 16:14:11 2012

		SELECT id, name, parent_id, active  FROM table_section WHERE parent_id is NULL AND active=1
	

		SELECT id, name, parent_id, active  FROM table_section WHERE parent_id=1 AND active=1
	

		SELECT id, name, parent_id, active  FROM table_section WHERE parent_id=2 AND active=1
	

		SELECT id, name, parent_id, active  FROM table_section WHERE parent_id=3 AND active=1
	
Disconnected to dbi:SQLite:dbname=../../../../kb/db/data/kb_1.db: at Fri Jul 20 16:14:11 2012
Connected to dbi:SQLite:dbname=../../../../kb/db/data/kb_1.db: at Fri Jul 20 16:24:17 2012

		SELECT id, name, parent_id, active  FROM table_section WHERE parent_id is NULL AND active=1
	

		SELECT id, name, parent_id, active  FROM table_section WHERE parent_id=1 AND active=1
	

		SELECT id, name, parent_id, active  FROM table_section WHERE parent_id=2 AND active=1
	

		SELECT id, name, parent_id, active  FROM table_section WHERE parent_id=3 AND active=1
	
Disconnected to dbi:SQLite:dbname=../../../../kb/db/data/kb_1.db: at Fri Jul 20 16:24:17 2012
Connected to dbi:SQLite:dbname=../../../../kb/db/data/kb_1.db: at Fri Jul 20 16:24:52 2012

		SELECT id, name, parent_id, active  FROM table_section WHERE parent_id is NULL AND active=1
	

		SELECT id, name, parent_id, active  FROM table_section WHERE parent_id=1 AND active=1
	

		SELECT id, name, parent_id, active  FROM table_section WHERE parent_id=2 AND active=1
	

		SELECT id, name, parent_id, active  FROM table_section WHERE parent_id=3 AND active=1
	
Disconnected to dbi:SQLite:dbname=../../../../kb/db/data/kb_1.db: at Fri Jul 20 16:24:52 2012
Connected to dbi:SQLite:dbname=../../../../kb/db/data/kb_1.db: at Fri Jul 20 16:25:15 2012

		SELECT id, name, parent_id, active  FROM table_section WHERE parent_id is NULL AND active=1
	

		SELECT id, name, parent_id, active  FROM table_section WHERE parent_id=1 AND active=1
	

		SELECT id, name, parent_id, active  FROM table_section WHERE parent_id=2 AND active=1
	

		SELECT id, name, parent_id, active  FROM table_section WHERE parent_id=3 AND active=1
	
Disconnected to dbi:SQLite:dbname=../../../../kb/db/data/kb_1.db: at Fri Jul 20 16:25:15 2012
Connected to dbi:SQLite:dbname=../../../../kb/db/data/kb_1.db: at Fri Jul 20 16:27:11 2012

		SELECT id, name, parent_id, active  FROM table_section WHERE parent_id is NULL AND active=1
	

		SELECT id, name, parent_id, active  FROM table_section WHERE parent_id=1 AND active=1
	

		SELECT id, name, parent_id, active  FROM table_section WHERE parent_id=2 AND active=1
	

		SELECT id, name, parent_id, active  FROM table_section WHERE parent_id=3 AND active=1
	
Disconnected to dbi:SQLite:dbname=../../../../kb/db/data/kb_1.db: at Fri Jul 20 16:27:11 2012
Connected to dbi:SQLite:dbname=../../../../kb/db/data/kb_1.db: at Fri Jul 20 16:28:33 2012

		SELECT id, name, parent_id, active  FROM table_section WHERE parent_id is NULL AND active=1
	

		SELECT id, name, parent_id, active  FROM table_section WHERE parent_id=1 AND active=1
	

		SELECT id, name, parent_id, active  FROM table_section WHERE parent_id=2 AND active=1
	

		SELECT id, name, parent_id, active  FROM table_section WHERE parent_id=3 AND active=1
	
Disconnected to dbi:SQLite:dbname=../../../../kb/db/data/kb_1.db: at Fri Jul 20 16:28:33 2012
Connected to dbi:SQLite:dbname=../../../../kb/db/data/kb_1.db: at Fri Jul 20 16:29:49 2012

		SELECT id, name, parent_id, active  FROM table_section WHERE parent_id is NULL AND active=1
	

		SELECT id, name, parent_id, active  FROM table_section WHERE parent_id=1 AND active=1
	

		SELECT id, name, parent_id, active  FROM table_section WHERE parent_id=2 AND active=1
	

		SELECT id, name, parent_id, active  FROM table_section WHERE parent_id=3 AND active=1
	
Disconnected to dbi:SQLite:dbname=../../../../kb/db/data/kb_1.db: at Fri Jul 20 16:29:49 2012
Connected to dbi:SQLite:dbname=../../../../kb/db/data/kb_1.db: at Fri Jul 20 16:31:14 2012

		SELECT id, name, parent_id, active  FROM table_section WHERE parent_id is NULL AND active=1
	

		SELECT id, name, parent_id, active  FROM table_section WHERE parent_id=1 AND active=1
	

		SELECT id, name, parent_id, active  FROM table_section WHERE parent_id=2 AND active=1
	

		SELECT id, name, parent_id, active  FROM table_section WHERE parent_id=3 AND active=1
	
Disconnected to dbi:SQLite:dbname=../../../../kb/db/data/kb_1.db: at Fri Jul 20 16:31:14 2012
Connected to dbi:SQLite:dbname=../../../../kb/db/data/kb_1.db: at Fri Jul 20 17:05:25 2012

		SELECT id, name, parent_id, active  FROM table_section WHERE parent_id is NULL AND active=1
	

		SELECT id, name, parent_id, active  FROM table_section WHERE parent_id=1 AND active=1
	

		SELECT id, name, parent_id, active  FROM table_section WHERE parent_id=2 AND active=1
	

		SELECT id, name, parent_id, active  FROM table_section WHERE parent_id=3 AND active=1
	

		SELECT id, name, parent_id, active  FROM table_section WHERE parent_id=5 AND active=1
	

		SELECT id, name, parent_id, active  FROM table_section WHERE parent_id=6 AND active=1
	

		SELECT id, name, parent_id, active  FROM table_section WHERE parent_id=7 AND active=1
	
Disconnected to dbi:SQLite:dbname=../../../../kb/db/data/kb_1.db: at Fri Jul 20 17:05:25 2012
Connected to dbi:SQLite:dbname=../../../../kb/db/data/kb_1.db: at Mon Jul 23 17:16:16 2012

		SELECT id, name, parent_id, active  FROM table_section WHERE parent_id is NULL AND active=1
	

		SELECT id, name, parent_id, active  FROM table_section WHERE parent_id=1 AND active=1
	

		SELECT id, name, parent_id, active  FROM table_section WHERE parent_id=2 AND active=1
	

		SELECT id, name, parent_id, active  FROM table_section WHERE parent_id=3 AND active=1
	

		SELECT id, name, parent_id, active  FROM table_section WHERE parent_id=5 AND active=1
	

		SELECT id, name, parent_id, active  FROM table_section WHERE parent_id=6 AND active=1
	

		SELECT id, name, parent_id, active  FROM table_section WHERE parent_id=7 AND active=1
	

		SELECT id, name, parent_id, active  FROM table_section WHERE parent_id=8 AND active=1
	
Disconnected to dbi:SQLite:dbname=../../../../kb/db/data/kb_1.db: at Mon Jul 23 17:16:16 2012
